<?xml version="1.0" encoding="UTF-8"?>
<!-- Generated by org.testng.reporters.JUnitReportReporter -->
<testsuite hostname="DESKTOP-SM7K0UG" failures="0" tests="1" name="com.inetBanking.testCases.TC_AddCustomerTest_003" time="16.930" errors="0" timestamp="2023-04-25T14:16:25 PDT" skipped="0">
  <testcase classname="com.inetBanking.testCases.TC_AddCustomerTest_003" name="addNewCustomer" time="16.930"/>
  <system-out/>
</testsuite> <!-- com.inetBanking.testCases.TC_AddCustomerTest_003 -->
